\BOOKMARK [1][-]{section.1}{\376\377\000I\000n\000t\000r\000o\000d\000u\000c\000t\000i\000o\000n}{}% 1
\BOOKMARK [1][-]{section.2}{\376\377\000M\000o\000t\000i\000v\000a\000t\000i\000o\000n}{}% 2
\BOOKMARK [1][-]{section.3}{\376\377\000R\000e\000l\000a\000t\000e\000d\000\040\000W\000o\000r\000k}{}% 3
\BOOKMARK [1][-]{section.4}{\376\377\000P\000r\000o\000p\000o\000s\000a\000l}{}% 4
\BOOKMARK [1][-]{section.5}{\376\377\000M\000e\000t\000h\000o\000d\000o\000l\000o\000g\000y}{}% 5
\BOOKMARK [2][-]{subsection.5.1}{\376\377\000M\000o\000d\000e\000l\000\040\000A\000r\000c\000h\000i\000t\000e\000c\000t\000u\000r\000e\000s}{section.5}% 6
\BOOKMARK [2][-]{subsection.5.2}{\376\377\000T\000r\000a\000i\000n\000i\000n\000g\000\040\000M\000e\000t\000h\000o\000d\000s}{section.5}% 7
\BOOKMARK [2][-]{subsection.5.3}{\376\377\000D\000a\000t\000a\000s\000e\000t\000s}{section.5}% 8
\BOOKMARK [2][-]{subsection.5.4}{\376\377\000P\000r\000e\000p\000r\000o\000c\000e\000s\000s\000i\000n\000g}{section.5}% 9
\BOOKMARK [1][-]{section.6}{\376\377\000E\000x\000p\000e\000r\000i\000m\000e\000n\000t\000s\000\040\000a\000n\000d\000\040\000R\000e\000s\000u\000l\000t\000s}{}% 10
\BOOKMARK [2][-]{subsection.6.1}{\376\377\000B\000a\000s\000e\000l\000i\000n\000e\000\040\000P\000e\000r\000f\000o\000r\000m\000a\000n\000c\000e}{section.6}% 11
\BOOKMARK [2][-]{subsection.6.2}{\376\377\000P\000o\000s\000t\000-\000H\000o\000c\000\040\000E\000r\000r\000o\000r\000\040\000A\000n\000a\000l\000y\000s\000i\000s}{section.6}% 12
\BOOKMARK [2][-]{subsection.6.3}{\376\377\000R\000L\000-\000b\000a\000s\000e\000d\000\040\000F\000i\000n\000e\000-\000T\000u\000n\000i\000n\000g\000\040\000\050\000G\000R\000P\000O\000\051}{section.6}% 13
\BOOKMARK [1][-]{section.7}{\376\377\000T\000r\000a\000i\000n\000i\000n\000g\000\040\000A\000n\000a\000l\000y\000s\000e\000s}{}% 14
\BOOKMARK [2][-]{subsection.7.1}{\376\377\000G\000R\000P\000O\000\040\000F\000i\000n\000e\000-\000T\000u\000n\000i\000n\000g\000\040\000A\000n\000a\000l\000y\000s\000i\000s\000:\000\040\000Q\000w\000e\000n\0002\000.\0005\000-\000M\000A\000T\000H}{section.7}% 15
\BOOKMARK [2][-]{subsection.7.2}{\376\377\000G\000R\000P\000O\000\040\000F\000i\000n\000e\000-\000T\000u\000n\000i\000n\000g\000\040\000A\000n\000a\000l\000y\000s\000i\000s\000:\000\040\000P\000h\000i\000-\000m\000i\000n\000i\000-\0004\000k\000-\000i\000n\000s\000t\000r\000u\000c\000t}{section.7}% 16
\BOOKMARK [2][-]{subsection.7.3}{\376\377\000R\000e\000s\000u\000l\000t\000s\000\040\000a\000n\000d\000\040\000A\000n\000a\000l\000y\000s\000e\000s\000:\000\040\000P\000o\000s\000t\000-\000G\000R\000P\000O\000\040\000P\000e\000r\000f\000o\000r\000m\000a\000n\000c\000e}{section.7}% 17
\BOOKMARK [2][-]{subsection.7.4}{\376\377\000A\000n\000a\000l\000y\000s\000i\000s\000\040\000o\000f\000\040\000F\000i\000n\000e\000-\000T\000u\000n\000i\000n\000g\000\040\000I\000m\000p\000a\000c\000t}{section.7}% 18
\BOOKMARK [2][-]{subsection.7.5}{\376\377\000W\000h\000y\000\040\000S\000m\000a\000l\000l\000\040\000L\000L\000M\000s\000?}{section.7}% 19
\BOOKMARK [2][-]{subsection.7.6}{\376\377\000C\000h\000a\000l\000l\000e\000n\000g\000e\000s}{section.7}% 20
\BOOKMARK [1][-]{section.8}{\376\377\000C\000o\000n\000c\000l\000u\000s\000i\000o\000n}{}% 21
